(/opt/context/tex/texmf-context/tex/context/base/cont-yes.mkiv

ConTeXt  ver: 2013.01.08 19:28 MKIV  fmt: 2013.1.9  int: english/english

system          > cont-new.mkiv loaded
(/opt/context/tex/texmf-context/tex/context/base/cont-new.mkiv
system          > beware: some patches loaded from cont-new.mkiv
)
system          > files > jobname: cikada-manual-zh_CN, input: cikada-manual-zh_CN, result: cikada-manual-zh_CN
fonts           > latin modern fonts are not preloaded
languages       > language en is active
(cikada-manual-zh_CN.tex (env-plain-zh_CN.tex
resolvers       > modules > loaded: 'zhfonts'
(/opt/context/tex/texmf-local/tex/context/third/zhfonts/t-zhfonts.mkiv
loading         > ConTeXt User Module / zhfonts
<+ /opt/context/tex/texmf-local/tex/context/third/zhfonts/t-zhfonts.lua>
fonts           > preloading latin modern fonts (third stage)
fonts           > typescripts > unknown: library 'loc'
{/opt/context/tex/texmf/fonts/map/dvips/lm/lm-math.map}{/opt/context/tex/texmf/fonts/map/dvips/lm/lm-rm.map}{/opt/context/tex/texmf-context/fonts/map/pdftex/context/mkiv-base.map}
fonts           > fallback modern rm 11pt is loaded
))

% begin of command line arguments
%
% currentrun           = 3
% fulljobname          = ./cikada-manual-zh_CN
% input                = ./cikada-manual-zh_CN
% no-parse-first-line  = true
% script               = true
% kindofrun            = 2
%
% end of command line arguments

% begin of command line files
%
% 1  ./cikada-manual-zh_CN
%
% end of command line files


structure       > sectioning > title @ level 2: 0.0 -> Cikada 0.5 使用指南
floatblocks     > 1 placed
structure       > sectioning > subject @ level 3: 0.0.0 -> 简介
structure       > sectioning > subject @ level 3: 0.0.0 -> 功能简介
structure       > sectioning > subject @ level 3: 0.0.0 -> 安装
backend         > xmp > using file '/opt/context/tex/texmf-context/tex/context/base/lpdf-pdx.xml'
 <cikada-0.5.0.png (PNG copy)>
pages           > flushing realpage 1, userpage 1
structure       > sectioning > subject @ level 3: 0.0.0 -> 运行 Cikada
structure       > sectioning > subject @ level 3: 0.0.0 -> 页面切换
pages           > flushing realpage 2, userpage 2
structure       > sectioning > subject @ level 3: 0.0.0 -> 进度
floatblocks     > 2 placed
structure       > sectioning > subject @ level 3: 0.0.0 -> 配置文件
 <progress-bar.png>
pages           > flushing realpage 3, userpage 3
pages           > flushing realpage 4, userpage 4
pages           > flushing realpage 5, userpage 5
 ) )</opt/context/tex/texmf/fonts/opentype/public/lm/lmmonolt10-bold.otf></opt/context/tex/texmf-local/fonts/opentype/adobe/AdobeFangsongStd-Regular.otf></opt/context/tex/texmf/fonts/opentype/public/lm/lmmono10-regular.otf></opt/context/tex/texmf-local/fonts/opentype/xits/xits-math.otf></opt/context/tex/texmf-local/fonts/truetype/non-free/NSimSun.ttf></opt/context/tex/texmf-local/fonts/truetype/non-free/simhei.ttf></opt/context/tex/texmf/fonts/opentype/public/tex-gyre/texgyrepagella-bold.otf></opt/context/tex/texmf/fonts/opentype/public/tex-gyre/texgyrepagella-regular.otf>

system          > files > start used files

used files      >    1: filename=cont-yes.mkiv | filetype=tex | foundname=/opt/context/tex/texmf-context/tex/context/base/cont-yes.mkiv | usedmethod=database
used files      >    2: filename=cont-new.mkiv | filetype=tex | foundname=/opt/context/tex/texmf-context/tex/context/base/cont-new.mkiv | usedmethod=database
used files      >    3: filename=lang-us.lua | filetype=lua | foundname=/opt/context/tex/texmf-context/tex/context/patterns/lang-us.lua | usedmethod=database
used files      >    4: filename=cikada-manual-zh_CN | filetype=tex | foundname=cikada-manual-zh_CN.tex | usedmethod=filesystem
used files      >    5: filename=env-plain-zh_CN.tex | foundname=env-plain-zh_CN.tex | usedmethod=direct
used files      >    6: filename=t-zhfonts.mkiv | filetype=tex | foundname=/opt/context/tex/texmf-local/tex/context/third/zhfonts/t-zhfonts.mkiv | usedmethod=database
used files      >    7: filename=t-zhfonts.lua | filetype=tex | format=tex | foundname=/opt/context/tex/texmf-local/tex/context/third/zhfonts/t-zhfonts.lua | usedmethod=database
used files      >    8: filename=t-zhspuncs.lua | filetype=tex | format=tex | foundname=/opt/context/tex/texmf-local/tex/context/third/zhfonts/t-zhspuncs.lua | usedmethod=database
used files      >    9: filename=lm.lfg | filetype=tex | foundname=/opt/context/tex/texmf-context/tex/context/fonts/lm.lfg | usedmethod=database
used files      >   10: filename=lm-math.lfg | filetype=tex | foundname=/opt/context/tex/texmf-context/tex/context/fonts/lm-math.lfg | usedmethod=database
used files      >   11: filename=lm-math.map | filetype=map | format=map | foundname=/opt/context/tex/texmf/fonts/map/dvips/lm/lm-math.map | usedmethod=database
used files      >   12: filename=lm-rm.map | filetype=map | format=map | foundname=/opt/context/tex/texmf/fonts/map/dvips/lm/lm-rm.map | usedmethod=database
used files      >   13: filename=mkiv-base.map | filetype=map | format=map | foundname=/opt/context/tex/texmf-context/fonts/map/pdftex/context/mkiv-base.map | usedmethod=database
used files      >   14: filename=lmroman10-regular | filetype=otf | format=otf | foundname=/opt/context/tex/texmf/fonts/opentype/public/lm/lmroman10-regular.otf | usedmethod=database
used files      >   15: filename=latinmodernmath-regular.otf | filetype=opentypefonts | foundname=/opt/context/tex/texmf/fonts/opentype/public/lm-math/latinmodernmath-regular.otf | usedmethod=database
used files      >   16: filename=latinmodernmath-regular.otf | filetype=otf | format=otf | foundname=/opt/context/tex/texmf/fonts/opentype/public/lm-math/latinmodernmath-regular.otf | usedmethod=database
used files      >   17: filename=texgyrepagella-regular.otf | filetype=otf | format=otf | foundname=/opt/context/tex/texmf/fonts/opentype/public/tex-gyre/texgyrepagella-regular.otf | usedmethod=database
used files      >   18: filename=NSimSun.ttf | filetype=ttf | format=ttf | foundname=/opt/context/tex/texmf-local/fonts/truetype/non-free/NSimSun.ttf | usedmethod=database
used files      >   19: filename=xits-math.otf | filetype=otf | format=otf | foundname=/opt/context/tex/texmf-local/fonts/opentype/xits/xits-math.otf | usedmethod=database
used files      >   20: filename=texgyrepagella-bold.otf | filetype=otf | format=otf | foundname=/opt/context/tex/texmf/fonts/opentype/public/tex-gyre/texgyrepagella-bold.otf | usedmethod=database
used files      >   21: filename=simhei.ttf | filetype=ttf | format=ttf | foundname=/opt/context/tex/texmf-local/fonts/truetype/non-free/simhei.ttf | usedmethod=database
used files      >   22: filename=cikada-0.5.0.png | format=tex | foundname=cikada-0.5.0.png | usedmethod=direct
used files      >   23: filename=lpdf-pdx.xml | filetype=tex | foundname=/opt/context/tex/texmf-context/tex/context/base/lpdf-pdx.xml | usedmethod=database
used files      >   24: filename=lmmono10-regular.otf | filetype=otf | format=otf | foundname=/opt/context/tex/texmf/fonts/opentype/public/lm/lmmono10-regular.otf | usedmethod=database
used files      >   25: filename=AdobeFangsongStd-Regular.otf | filetype=otf | format=otf | foundname=/opt/context/tex/texmf-local/fonts/opentype/adobe/AdobeFangsongStd-Regular.otf | usedmethod=database
used files      >   26: filename=progress-bar.png | format=tex | foundname=progress-bar.png | usedmethod=direct
used files      >   27: filename=lmmonolt10-bold.otf | filetype=otf | format=otf | foundname=/opt/context/tex/texmf/fonts/opentype/public/lm/lmmonolt10-bold.otf | usedmethod=database
used files      >   28: filename=simkai | filetype=ttf | format=ttf | foundname=/opt/context/tex/texmf-local/fonts/truetype/non-free/simkai.ttf | usedmethod=database

system          > files > stop used files


system          > structure > start used structure

used structure  > text: cikada-manual-zh_CN
used structure  >   environment: env-plain

system          > structure > stop used structure


mkiv lua stats  > used config file          - selfautoparent:/texmf/web2c/texmfcnf.lua
mkiv lua stats  > used cache path           - /opt/context/tex/texmf-cache/luatex-cache/context/5fe67e0bfe781ce0dde776fb1556f32e
mkiv lua stats  > resource resolver         - loadtime 0.005 seconds, 0 scans with scantime 0.000 seconds, 0 shared scans, 28 found files, scanned paths: 
mkiv lua stats  > stored bytecode data      - 316 modules (0.140 sec), 68 tables (0.000 sec), 384 chunks (0.140 sec)
mkiv lua stats  > cleaned up reserved nodes - 57 nodes, 9 lists of 441
mkiv lua stats  > node memory usage         - 2 glue, 3 penalty, 14 attribute, 62 glue_spec, 3 attribute_list
mkiv lua stats  > node list callback tasks  - 6 unique task lists, 7 instances (re)created, 687 calls
mkiv lua stats  > h-node processing time    - 0.017 seconds including kernel
mkiv lua stats  > attribute processing time - 0.013 seconds front- and backend
mkiv lua stats  > used backend              - pdf (backend for directly generating pdf output)
mkiv lua stats  > loaded tex modules        - 1 requested, 1 found (*-zhfonts), 0 missing
mkiv lua stats  > loaded patterns           - en::2
mkiv lua stats  > jobdata time              - 0.002 seconds saving, 0.001 seconds loading
mkiv lua stats  > callbacks                 - 1445 direct, 358 indirect, 1803 total
mkiv lua stats  > randomizer                - resumed with value 0.091501045083395
mkiv lua stats  > lxml preparation time     - 0.000 seconds, 0 nodes, 15 lpath calls, 0 cached calls
mkiv lua stats  > result saved in file      - cikada-manual-zh_CN.pdf, compresslevel 3, objectcompreslevel 3
mkiv lua stats  > loaded fonts              - 11 files: adobefangsongstd-regular.otf xits-math.otf nsimsun.ttf simhei.ttf simkai.ttf latinmodernmath-regular.otf lmmono10-regular.otf lmmonolt10-bold.otf lmroman10-regular.otf texgyrepagella-bold.otf texgyrepagella-regular.otf
mkiv lua stats  > fonts load time           - 1.741 seconds 
mkiv lua stats  > graphics processing time  - 0.010 seconds including tex, 2 processed images
mkiv lua stats  > luatex banner             - this is luatex, version beta-0.75.0-2013010915  (tex live 2013/dev)(rev 4555)
mkiv lua stats  > control sequences         - 38062 of 65536 + 100000
mkiv lua stats  > current memory usage      - 202 MB (ctx: 202 MB)
mkiv lua stats  > runtime                   - 2.988 seconds, 4 processed pages, 5 shipped pages, 1.673 pages/second

