(/opt/context/tex/texmf-context/tex/context/base/cont-yes.mkiv

ConTeXt  ver: 2012.06.26 10:59 MKIV  fmt: 2012.6.27  int: english/english

system          > cont-new.mkiv loaded
(/opt/context/tex/texmf-context/tex/context/base/cont-new.mkiv
system          > beware: some patches loaded from cont-new.mkiv
)
fonts           > latin modern fonts are not preloaded
languages       > language en is active
(cikada-manual-en.tex (env-plain.tex
resolvers       > modules > loaded: 'zhfonts'
(/opt/context/tex/texmf-local/tex/context/third/zhfonts/t-zhfonts.mkiv
loading         > ConTeXt User Module / zhfonts
<+ /opt/context/tex/texmf-local/tex/context/third/zhfonts/t-zhfonts.lua><+ /opt/context/tex/texmf-local/tex/context/third/zhfonts/t-zhspuncs.lua>)
fonts           > beware: no fonts are loaded yet, using 'lm mono' in box
)
fonts           > typescripts > unknown: library 'loc'
{/opt/context/tex/texmf-context/fonts/map/pdftex/context/mkiv-base.map}

% begin of command line arguments
%
% input                = ./cikada-manual-en.tex
% no-parse-first-line  = true
% kindofrun            = 2
% currentrun           = 3
%
% end of command line arguments

% begin of command line files
%
% 1  ./cikada-manual-en.tex
%
% end of command line files


structure       > sectioning > title @ level 2 : 0.0 -> Cikada 0.5 Manual
floatblocks     > 1 placed
structure       > sectioning > subject @ level 3 : 0.0.0 -> Introduction
structure       > sectioning > subject @ level 3 : 0.0.0 -> 功能简介
structure       > sectioning > subject @ level 3 : 0.0.0 -> 安装
backend         > xmp > using file '/opt/context/tex/texmf-context/tex/context/base/lpdf-pdx.xml'
 <cikada-0.5.0.png (PNG copy)>
pages           > flushing realpage 1, userpage 1
structure       > sectioning > subject @ level 3 : 0.0.0 -> 运行 Cikada
structure       > sectioning > subject @ level 3 : 0.0.0 -> 页面切换
structure       > sectioning > subject @ level 3 : 0.0.0 -> 进度条
pages           > flushing realpage 2, userpage 2
floatblocks     > 2 placed
structure       > sectioning > subject @ level 3 : 0.0.0 -> 配置文件
 <progress-bar.png>
pages           > flushing realpage 3, userpage 3
pages           > flushing realpage 4, userpage 4
pages           > flushing realpage 5, userpage 5
 ) )</opt/context/tex/texmf/fonts/opentype/public/lm/lmmonolt10-bold.otf></opt/context/tex/texmf-local/fonts/opentype/adobe/AdobeFangsongStd-Regular.otf></opt/context/tex/texmf/fonts/opentype/public/lm/lmmono10-regular.otf></opt/context/tex/texmf-local/fonts/opentype/xits/xits-math.otf></opt/context/tex/texmf-local/fonts/truetype/non-free/simhei.ttf></opt/context/tex/texmf-local/fonts/truetype/non-free/SimSun.ttf></opt/context/tex/texmf/fonts/opentype/public/tex-gyre/texgyrepagella-bold.otf></opt/context/tex/texmf/fonts/opentype/public/tex-gyre/texgyrepagella-regular.otf>

system          > files > start used files

used files      >    1: filename=cont-yes.mkiv | filetype=tex | foundname=/opt/context/tex/texmf-context/tex/context/base/cont-yes.mkiv | usedmethod=database
used files      >    2: filename=cont-new.mkiv | filetype=tex | foundname=/opt/context/tex/texmf-context/tex/context/base/cont-new.mkiv | usedmethod=database
used files      >    3: filename=lang-us.lua | filetype=lua | foundname=/opt/context/tex/texmf-context/tex/context/patterns/lang-us.lua | usedmethod=database
used files      >    4: filename=cikada-manual-en.tex | foundname=cikada-manual-en.tex | usedmethod=direct
used files      >    5: filename=env-plain.tex | foundname=env-plain.tex | usedmethod=direct
used files      >    6: filename=t-zhfonts.mkiv | filetype=tex | foundname=/opt/context/tex/texmf-local/tex/context/third/zhfonts/t-zhfonts.mkiv | usedmethod=database
used files      >    7: filename=t-zhfonts.mkiv | filetype=tex | format=tex | foundname=/opt/context/tex/texmf-local/tex/context/third/zhfonts/t-zhfonts.mkiv | usedmethod=database
used files      >    8: filename=opt/context/tex/texmf-local/tex/context/third/zhfonts/t-zhfonts.mkiv | foundname=/opt/context/tex/texmf-local/tex/context/third/zhfonts/t-zhfonts.mkiv | usedmethod=qualified
used files      >    9: filename=t-zhfonts.lua | filetype=tex | format=tex | foundname=/opt/context/tex/texmf-local/tex/context/third/zhfonts/t-zhfonts.lua | usedmethod=database
used files      >   10: filename=t-zhspuncs.lua | filetype=tex | format=tex | foundname=/opt/context/tex/texmf-local/tex/context/third/zhfonts/t-zhspuncs.lua | usedmethod=database
used files      >   11: filename=lmmono10-regular | filetype=otf | format=otf | foundname=/opt/context/tex/texmf/fonts/opentype/public/lm/lmmono10-regular.otf | usedmethod=database
used files      >   12: filename=texgyrepagella-regular.otf | filetype=otf | format=otf | foundname=/opt/context/tex/texmf/fonts/opentype/public/tex-gyre/texgyrepagella-regular.otf | usedmethod=database
used files      >   13: filename=SimSun.ttf | filetype=ttf | format=ttf | foundname=/opt/context/tex/texmf-local/fonts/truetype/non-free/SimSun.ttf | usedmethod=database
used files      >   14: filename=xits-math.otf | filetype=otf | format=otf | foundname=/opt/context/tex/texmf-local/fonts/opentype/xits/xits-math.otf | usedmethod=database
used files      >   15: filename=mkiv-base.map | filetype=map | format=map | foundname=/opt/context/tex/texmf-context/fonts/map/pdftex/context/mkiv-base.map | usedmethod=database
used files      >   16: filename=texgyrepagella-bold.otf | filetype=otf | format=otf | foundname=/opt/context/tex/texmf/fonts/opentype/public/tex-gyre/texgyrepagella-bold.otf | usedmethod=database
used files      >   17: filename=simhei.ttf | filetype=ttf | format=ttf | foundname=/opt/context/tex/texmf-local/fonts/truetype/non-free/simhei.ttf | usedmethod=database
used files      >   18: filename=cikada-0.5.0.png | format=tex | foundname=cikada-0.5.0.png | usedmethod=direct
used files      >   19: filename=lpdf-pdx.xml | filetype=tex | foundname=/opt/context/tex/texmf-context/tex/context/base/lpdf-pdx.xml | usedmethod=database
used files      >   20: filename=lmmono10-regular.otf | filetype=otf | format=otf | foundname=/opt/context/tex/texmf/fonts/opentype/public/lm/lmmono10-regular.otf | usedmethod=database
used files      >   21: filename=AdobeFangsongStd-Regular.otf | filetype=otf | format=otf | foundname=/opt/context/tex/texmf-local/fonts/opentype/adobe/AdobeFangsongStd-Regular.otf | usedmethod=database
used files      >   22: filename=progress-bar.png | format=tex | foundname=progress-bar.png | usedmethod=direct
used files      >   23: filename=lmmonolt10-bold.otf | filetype=otf | format=otf | foundname=/opt/context/tex/texmf/fonts/opentype/public/lm/lmmonolt10-bold.otf | usedmethod=database
used files      >   24: filename=simkai | filetype=ttf | format=ttf | foundname=/opt/context/tex/texmf-local/fonts/truetype/non-free/simkai.ttf | usedmethod=database

system          > files > stop used files


system          > structure > start used structure

used structure  > text: cikada-manual-en
used structure  >   environment: env-plain

system          > structure > stop used structure


mkiv lua stats  > used config file          - selfautoparent:/texmf/web2c/texmfcnf.lua
mkiv lua stats  > used cache path           - /opt/context/tex/texmf-cache/luatex-cache/context/5fe67e0bfe781ce0dde776fb1556f32e
mkiv lua stats  > resource resolver         - loadtime 0.005 seconds, 0 scans with scantime 0.000 seconds, 0 shared scans, 24 found files, scanned paths: 
mkiv lua stats  > stored bytecode data      - 306 modules, 65 tables, 371 chunks
mkiv lua stats  > cleaned up reserved nodes - 57 nodes, 9 lists of 437
mkiv lua stats  > node memory usage         - 2 glue, 3 penalty, 14 attribute, 61 glue_spec, 3 attribute_list
mkiv lua stats  > node list callback tasks  - 6 unique task lists, 6 instances (re)created, 953 calls
mkiv lua stats  > used backend              - pdf (backend for directly generating pdf output)
mkiv lua stats  > loaded tex modules        - 1 requested, 1 found (*-zhfonts), 0 missing
mkiv lua stats  > loaded patterns           - en::2
mkiv lua stats  > jobdata time              - 0.002 seconds saving, 0.001 seconds loading
mkiv lua stats  > callbacks                 - 1440 direct, 796 indirect, 2236 total
mkiv lua stats  > randomizer                - resumed with value 0.67301052746969
mkiv lua stats  > lxml preparation time     - 0.000 seconds, 0 nodes, 15 lpath calls, 0 cached calls
mkiv lua stats  > result saved in file      - cikada-manual-en.pdf
mkiv lua stats  > loaded fonts              - 9 files: adobefangsongstd-regular.otf xits-math.otf simhei.ttf simkai.ttf simsun.ttf lmmono10-regular.otf lmmonolt10-bold.otf texgyrepagella-bold.otf texgyrepagella-regular.otf
mkiv lua stats  > fonts load time           - 1.799 seconds 
mkiv lua stats  > graphics processing time  - 0.009 seconds including tex, 2 processed images
mkiv lua stats  > luatex banner             - this is luatex, version beta-0.70.2-2012052410 (tex live 2012)
mkiv lua stats  > control sequences         - 34484 of 65536 + 100000
mkiv lua stats  > current memory usage      - 191 MB (ctx: 196 MB)
mkiv lua stats  > runtime                   - 2.983 seconds, 4 processed pages, 5 shipped pages, 1.676 pages/second

